<?xml version="1.0" encoding="UTF-8"?>
<!-- Generated by org.testng.reporters.JUnitXMLReporter -->
<testsuite ignored="0" hostname="SANJAY" failures="0" tests="4" name="Default test" time="43.936" errors="0" timestamp="2025-09-19T18:04:15 IST">
  <testcase classname="ApachePOI.DataDrivenTest" name="loginTest" time="3.967"/>
  <testcase classname="ApachePOI.DataDrivenTest" name="loginTest" time="2.512"/>
  <testcase classname="ApachePOI.DataDrivenTest" name="loginTest" time="1.369"/>
  <testcase classname="ApachePOI.DataDrivenTest" name="loginTest" time="1.325"/>
</testsuite> <!-- Default test -->
