<?xml version="1.0" encoding="UTF-8"?>
<testng-results ignored="0" total="4" passed="4" failed="0" skipped="0">
  <reporter-output>
  </reporter-output>
  <suite started-at="2025-09-19T18:03:31 IST" name="Default suite" finished-at="2025-09-19T18:04:15 IST" duration-ms="43936">
    <groups>
    </groups>
    <test started-at="2025-09-19T18:03:31 IST" name="Default test" finished-at="2025-09-19T18:04:15 IST" duration-ms="43936">
      <class name="ApachePOI.DataDrivenTest">
        <test-method is-config="true" signature="setUp()[pri:0, instance:ApachePOI.DataDrivenTest@45b4c3a9]" started-at="2025-09-19T18:03:31 IST" name="setUp" finished-at="2025-09-19T18:04:04 IST" duration-ms="32976" status="PASS">
          <reporter-output>
          </reporter-output>
        </test-method> <!-- setUp -->
        <test-method signature="loginTest(java.lang.String,java.lang.String,java.lang.String)[pri:0, instance:ApachePOI.DataDrivenTest@45b4c3a9]" started-at="2025-09-19T18:04:05 IST" name="loginTest" data-provider="LoginData" finished-at="2025-09-19T18:04:09 IST" duration-ms="3967" status="PASS">
          <params>
            <param index="0">
              <value>
                <![CDATA[admin@yourstore.com]]>
              </value>
            </param>
            <param index="1">
              <value>
                <![CDATA[admin]]>
              </value>
            </param>
            <param index="2">
              <value>
                <![CDATA[valid]]>
              </value>
            </param>
          </params>
          <reporter-output>
          </reporter-output>
        </test-method> <!-- loginTest -->
        <test-method signature="loginTest(java.lang.String,java.lang.String,java.lang.String)[pri:0, instance:ApachePOI.DataDrivenTest@45b4c3a9]" started-at="2025-09-19T18:04:09 IST" name="loginTest" data-provider="LoginData" finished-at="2025-09-19T18:04:12 IST" duration-ms="2512" status="PASS">
          <params>
            <param index="0">
              <value>
                <![CDATA[admin@yourstore.com]]>
              </value>
            </param>
            <param index="1">
              <value>
                <![CDATA[adm]]>
              </value>
            </param>
            <param index="2">
              <value>
                <![CDATA[invalid]]>
              </value>
            </param>
          </params>
          <reporter-output>
          </reporter-output>
        </test-method> <!-- loginTest -->
        <test-method signature="loginTest(java.lang.String,java.lang.String,java.lang.String)[pri:0, instance:ApachePOI.DataDrivenTest@45b4c3a9]" started-at="2025-09-19T18:04:12 IST" name="loginTest" data-provider="LoginData" finished-at="2025-09-19T18:04:13 IST" duration-ms="1369" status="PASS">
          <params>
            <param index="0">
              <value>
                <![CDATA[adm@yourstore.com]]>
              </value>
            </param>
            <param index="1">
              <value>
                <![CDATA[admin]]>
              </value>
            </param>
            <param index="2">
              <value>
                <![CDATA[invalid]]>
              </value>
            </param>
          </params>
          <reporter-output>
          </reporter-output>
        </test-method> <!-- loginTest -->
        <test-method signature="loginTest(java.lang.String,java.lang.String,java.lang.String)[pri:0, instance:ApachePOI.DataDrivenTest@45b4c3a9]" started-at="2025-09-19T18:04:13 IST" name="loginTest" data-provider="LoginData" finished-at="2025-09-19T18:04:14 IST" duration-ms="1325" status="PASS">
          <params>
            <param index="0">
              <value>
                <![CDATA[adm@yourstore.com]]>
              </value>
            </param>
            <param index="1">
              <value>
                <![CDATA[adm]]>
              </value>
            </param>
            <param index="2">
              <value>
                <![CDATA[invalid]]>
              </value>
            </param>
          </params>
          <reporter-output>
          </reporter-output>
        </test-method> <!-- loginTest -->
        <test-method is-config="true" signature="tearDown()[pri:0, instance:ApachePOI.DataDrivenTest@45b4c3a9]" started-at="2025-09-19T18:04:14 IST" name="tearDown" finished-at="2025-09-19T18:04:15 IST" duration-ms="172" status="PASS">
          <reporter-output>
          </reporter-output>
        </test-method> <!-- tearDown -->
      </class> <!-- ApachePOI.DataDrivenTest -->
    </test> <!-- Default test -->
  </suite> <!-- Default suite -->
</testng-results>
